<?xml version="1.0" encoding="UTF-8"?>
<coverage generated="1588411017035" clover="3.2.0">
  <project timestamp="1588411017035" name="All files">
    <metrics statements="68" coveredstatements="52" conditionals="39" coveredconditionals="26" methods="26" coveredmethods="19" elements="133" coveredelements="97" complexity="0" loc="68" ncloc="68" packages="4" files="12" classes="12"/>
    <package name="src">
      <metrics statements="3" coveredstatements="2" conditionals="0" coveredconditionals="0" methods="1" coveredmethods="1"/>
      <file name="App.js" path="C:\Users\7alip\code\projects\dathuis\src\App.js">
        <metrics statements="2" coveredstatements="2" conditionals="0" coveredconditionals="0" methods="1" coveredmethods="1"/>
        <line num="9" count="1" type="stmt"/>
        <line num="10" count="1" type="stmt"/>
      </file>
      <file name="HotApp.js" path="C:\Users\7alip\code\projects\dathuis\src\HotApp.js">
        <metrics statements="0" coveredstatements="0" conditionals="0" coveredconditionals="0" methods="0" coveredmethods="0"/>
      </file>
      <file name="entry.js" path="C:\Users\7alip\code\projects\dathuis\src\entry.js">
        <metrics statements="1" coveredstatements="0" conditionals="0" coveredconditionals="0" methods="0" coveredmethods="0"/>
        <line num="7" count="0" type="stmt"/>
      </file>
    </package>
    <package name="src.components">
      <metrics statements="47" coveredstatements="36" conditionals="37" coveredconditionals="25" methods="20" coveredmethods="14"/>
      <file name="Container.js" path="C:\Users\7alip\code\projects\dathuis\src\components\Container.js">
        <metrics statements="3" coveredstatements="3" conditionals="0" coveredconditionals="0" methods="1" coveredmethods="1"/>
        <line num="4" count="1" type="stmt"/>
        <line num="13" count="1" type="stmt"/>
        <line num="14" count="1" type="stmt"/>
      </file>
      <file name="Dropdown.js" path="C:\Users\7alip\code\projects\dathuis\src\components\Dropdown.js">
        <metrics statements="7" coveredstatements="7" conditionals="6" coveredconditionals="6" methods="4" coveredmethods="4"/>
        <line num="4" count="3" type="stmt"/>
        <line num="16" count="2" type="cond" truecount="2" falsecount="0"/>
        <line num="25" count="3" type="stmt"/>
        <line num="36" count="3" type="stmt"/>
        <line num="37" count="3" type="cond" truecount="2" falsecount="0"/>
        <line num="40" count="1" type="stmt"/>
        <line num="43" count="1" type="stmt"/>
      </file>
      <file name="InputBase.js" path="C:\Users\7alip\code\projects\dathuis\src\components\InputBase.js">
        <metrics statements="9" coveredstatements="8" conditionals="14" coveredconditionals="12" methods="4" coveredmethods="3"/>
        <line num="6" count="3" type="stmt"/>
        <line num="12" count="3" type="stmt"/>
        <line num="15" count="6" type="cond" truecount="2" falsecount="0"/>
        <line num="84" count="6" type="cond" truecount="1" falsecount="1"/>
        <line num="93" count="3" type="stmt"/>
        <line num="94" count="6" type="stmt"/>
        <line num="107" count="0" type="stmt"/>
        <line num="115" count="3" type="stmt"/>
        <line num="119" count="3" type="stmt"/>
      </file>
      <file name="SearchForm.js" path="C:\Users\7alip\code\projects\dathuis\src\components\SearchForm.js">
        <metrics statements="28" coveredstatements="18" conditionals="17" coveredconditionals="7" methods="11" coveredmethods="6"/>
        <line num="12" count="2" type="stmt"/>
        <line num="16" count="2" type="stmt"/>
        <line num="17" count="4" type="stmt"/>
        <line num="18" count="4" type="stmt"/>
        <line num="19" count="4" type="stmt"/>
        <line num="20" count="4" type="stmt"/>
        <line num="21" count="4" type="stmt"/>
        <line num="23" count="4" type="stmt"/>
        <line num="25" count="4" type="stmt"/>
        <line num="26" count="1970" type="cond" truecount="1" falsecount="1"/>
        <line num="28" count="2" type="stmt"/>
        <line num="29" count="2000" type="cond" truecount="2" falsecount="0"/>
        <line num="30" count="16980" type="cond" truecount="2" falsecount="0"/>
        <line num="32" count="2" type="stmt"/>
        <line num="35" count="4" type="stmt"/>
        <line num="36" count="2" type="cond" truecount="1" falsecount="1"/>
        <line num="38" count="0" type="cond" truecount="0" falsecount="4"/>
        <line num="39" count="0" type="stmt"/>
        <line num="41" count="0" type="stmt"/>
        <line num="44" count="0" type="cond" truecount="0" falsecount="2"/>
        <line num="47" count="4" type="stmt"/>
        <line num="51" count="0" type="stmt"/>
        <line num="52" count="0" type="stmt"/>
        <line num="53" count="0" type="stmt"/>
        <line num="59" count="0" type="stmt"/>
        <line num="60" count="0" type="stmt"/>
        <line num="69" count="0" type="stmt"/>
        <line num="78" count="2" type="stmt"/>
      </file>
    </package>
    <package name="src.components.Icons">
      <metrics statements="12" coveredstatements="8" conditionals="0" coveredconditionals="0" methods="3" coveredmethods="2"/>
      <file name="ChevronDown.js" path="C:\Users\7alip\code\projects\dathuis\src\components\Icons\ChevronDown.js">
        <metrics statements="4" coveredstatements="4" conditionals="0" coveredconditionals="0" methods="1" coveredmethods="1"/>
        <line num="4" count="2" type="stmt"/>
        <line num="5" count="4" type="stmt"/>
        <line num="23" count="2" type="stmt"/>
        <line num="27" count="2" type="stmt"/>
      </file>
      <file name="Email.js" path="C:\Users\7alip\code\projects\dathuis\src\components\Icons\Email.js">
        <metrics statements="4" coveredstatements="0" conditionals="0" coveredconditionals="0" methods="1" coveredmethods="0"/>
        <line num="4" count="0" type="stmt"/>
        <line num="5" count="0" type="stmt"/>
        <line num="23" count="0" type="stmt"/>
        <line num="27" count="0" type="stmt"/>
      </file>
      <file name="Search.js" path="C:\Users\7alip\code\projects\dathuis\src\components\Icons\Search.js">
        <metrics statements="4" coveredstatements="4" conditionals="0" coveredconditionals="0" methods="1" coveredmethods="1"/>
        <line num="4" count="2" type="stmt"/>
        <line num="5" count="4" type="stmt"/>
        <line num="24" count="2" type="stmt"/>
        <line num="28" count="2" type="stmt"/>
      </file>
      <file name="index.js" path="C:\Users\7alip\code\projects\dathuis\src\components\Icons\index.js">
        <metrics statements="0" coveredstatements="0" conditionals="0" coveredconditionals="0" methods="0" coveredmethods="0"/>
      </file>
    </package>
    <package name="src.hooks">
      <metrics statements="6" coveredstatements="6" conditionals="2" coveredconditionals="1" methods="2" coveredmethods="2"/>
      <file name="useClientRect.js" path="C:\Users\7alip\code\projects\dathuis\src\hooks\useClientRect.js">
        <metrics statements="6" coveredstatements="6" conditionals="2" coveredconditionals="1" methods="2" coveredmethods="2"/>
        <line num="3" count="2" type="stmt"/>
        <line num="4" count="4" type="stmt"/>
        <line num="5" count="4" type="stmt"/>
        <line num="6" count="2" type="cond" truecount="1" falsecount="1"/>
        <line num="7" count="2" type="stmt"/>
        <line num="10" count="4" type="stmt"/>
      </file>
    </package>
  </project>
</coverage>
