{"C:\\Users\\7alip\\code\\projects\\dathuis\\src\\App.js": {"path":"C:\\Users\\7alip\\code\\projects\\dathuis\\src\\App.js","statementMap":{"0":{"start":{"line":9,"column":12},"end":{"line":27,"column":1}},"1":{"start":{"line":10,"column":2},"end":{"line":26,"column":4}}},"fnMap":{"0":{"name":"(anonymous_0)","decl":{"start":{"line":9,"column":12},"end":{"line":9,"column":13}},"loc":{"start":{"line":9,"column":18},"end":{"line":27,"column":1}},"line":9}},"branchMap":{},"s":{"0":1,"1":1},"f":{"0":1},"b":{},"_coverageSchema":"43e27e138ebf9cfc5966b082cf9a028302ed4184","hash":"d7b64ab15585ee3b917972cf5dfd6c8b4112047a"}
,"C:\\Users\\7alip\\code\\projects\\dathuis\\src\\HotApp.js": {"path":"C:\\Users\\7alip\\code\\projects\\dathuis\\src\\HotApp.js","statementMap":{},"fnMap":{},"branchMap":{},"s":{},"f":{},"b":{},"hash":"fccd136805dd928020a2ae5684d8eaac641d6ae8"}
,"C:\\Users\\7alip\\code\\projects\\dathuis\\src\\entry.js": {"path":"C:\\Users\\7alip\\code\\projects\\dathuis\\src\\entry.js","statementMap":{"0":{"start":{"line":7,"column":0},"end":{"line":7,"column":60}}},"fnMap":{},"branchMap":{},"s":{"0":0},"f":{},"b":{},"hash":"f567776618bacad37080179671307cc9272ce448"}
,"C:\\Users\\7alip\\code\\projects\\dathuis\\src\\components\\Container.js": {"path":"C:\\Users\\7alip\\code\\projects\\dathuis\\src\\components\\Container.js","statementMap":{"0":{"start":{"line":4,"column":24},"end":{"line":11,"column":1}},"1":{"start":{"line":13,"column":18},"end":{"line":15,"column":1}},"2":{"start":{"line":14,"column":2},"end":{"line":14,"column":61}}},"fnMap":{"0":{"name":"(anonymous_0)","decl":{"start":{"line":13,"column":18},"end":{"line":13,"column":19}},"loc":{"start":{"line":13,"column":29},"end":{"line":15,"column":1}},"line":13}},"branchMap":{},"s":{"0":1,"1":1,"2":1},"f":{"0":1},"b":{},"_coverageSchema":"43e27e138ebf9cfc5966b082cf9a028302ed4184","hash":"687d71406be57e6304967c0e565a9e3041d6770d"}
,"C:\\Users\\7alip\\code\\projects\\dathuis\\src\\components\\Dropdown.js": {"path":"C:\\Users\\7alip\\code\\projects\\dathuis\\src\\components\\Dropdown.js","statementMap":{"0":{"start":{"line":4,"column":22},"end":{"line":23,"column":1}},"1":{"start":{"line":16,"column":4},"end":{"line":22,"column":9}},"2":{"start":{"line":25,"column":19},"end":{"line":34,"column":1}},"3":{"start":{"line":36,"column":12},"end":{"line":52,"column":1}},"4":{"start":{"line":37,"column":2},"end":{"line":51,"column":18}},"5":{"start":{"line":40,"column":8},"end":{"line":46,"column":21}},"6":{"start":{"line":43,"column":25},"end":{"line":43,"column":50}}},"fnMap":{"0":{"name":"(anonymous_0)","decl":{"start":{"line":15,"column":4},"end":{"line":15,"column":5}},"loc":{"start":{"line":16,"column":4},"end":{"line":22,"column":9}},"line":16},"1":{"name":"(anonymous_1)","decl":{"start":{"line":36,"column":12},"end":{"line":36,"column":13}},"loc":{"start":{"line":37,"column":2},"end":{"line":51,"column":18}},"line":37},"2":{"name":"(anonymous_2)","decl":{"start":{"line":39,"column":21},"end":{"line":39,"column":22}},"loc":{"start":{"line":40,"column":8},"end":{"line":46,"column":21}},"line":40},"3":{"name":"(anonymous_3)","decl":{"start":{"line":43,"column":19},"end":{"line":43,"column":20}},"loc":{"start":{"line":43,"column":25},"end":{"line":43,"column":50}},"line":43}},"branchMap":{"0":{"loc":{"start":{"line":16,"column":4},"end":{"line":22,"column":9}},"type":"cond-expr","locations":[{"start":{"line":17,"column":8},"end":{"line":19,"column":9}},{"start":{"line":20,"column":8},"end":{"line":22,"column":9}}],"line":16},"1":{"loc":{"start":{"line":37,"column":22},"end":{"line":37,"column":41}},"type":"binary-expr","locations":[{"start":{"line":37,"column":22},"end":{"line":37,"column":31}},{"start":{"line":37,"column":35},"end":{"line":37,"column":41}}],"line":37},"2":{"loc":{"start":{"line":38,"column":5},"end":{"line":50,"column":5}},"type":"cond-expr","locations":[{"start":{"line":39,"column":6},"end":{"line":47,"column":8}},{"start":{"line":49,"column":6},"end":{"line":49,"column":41}}],"line":38}},"s":{"0":3,"1":2,"2":3,"3":3,"4":3,"5":1,"6":1},"f":{"0":2,"1":3,"2":1,"3":1},"b":{"0":[1,1],"1":[3,1],"2":[1,2]},"_coverageSchema":"43e27e138ebf9cfc5966b082cf9a028302ed4184","hash":"4f88d6d36fa0f7df5dc65940fb1425ce5af58d91"}
,"C:\\Users\\7alip\\code\\projects\\dathuis\\src\\components\\InputBase.js": {"path":"C:\\Users\\7alip\\code\\projects\\dathuis\\src\\components\\InputBase.js","statementMap":{"0":{"start":{"line":6,"column":18},"end":{"line":10,"column":1}},"1":{"start":{"line":12,"column":20},"end":{"line":91,"column":1}},"2":{"start":{"line":15,"column":36},"end":{"line":15,"column":54}},"3":{"start":{"line":84,"column":39},"end":{"line":84,"column":58}},"4":{"start":{"line":93,"column":18},"end":{"line":113,"column":1}},"5":{"start":{"line":94,"column":2},"end":{"line":112,"column":4}},"6":{"start":{"line":107,"column":29},"end":{"line":107,"column":53}},"7":{"start":{"line":115,"column":0},"end":{"line":117,"column":2}},"8":{"start":{"line":119,"column":0},"end":{"line":124,"column":2}}},"fnMap":{"0":{"name":"(anonymous_0)","decl":{"start":{"line":15,"column":18},"end":{"line":15,"column":19}},"loc":{"start":{"line":15,"column":36},"end":{"line":15,"column":54}},"line":15},"1":{"name":"(anonymous_1)","decl":{"start":{"line":84,"column":17},"end":{"line":84,"column":18}},"loc":{"start":{"line":84,"column":39},"end":{"line":84,"column":58}},"line":84},"2":{"name":"(anonymous_2)","decl":{"start":{"line":93,"column":18},"end":{"line":93,"column":19}},"loc":{"start":{"line":93,"column":29},"end":{"line":113,"column":1}},"line":93},"3":{"name":"(anonymous_3)","decl":{"start":{"line":107,"column":23},"end":{"line":107,"column":24}},"loc":{"start":{"line":107,"column":29},"end":{"line":107,"column":53}},"line":107}},"branchMap":{"0":{"loc":{"start":{"line":15,"column":36},"end":{"line":15,"column":54}},"type":"binary-expr","locations":[{"start":{"line":15,"column":36},"end":{"line":15,"column":44}},{"start":{"line":15,"column":48},"end":{"line":15,"column":54}}],"line":15},"1":{"loc":{"start":{"line":84,"column":39},"end":{"line":84,"column":58}},"type":"cond-expr","locations":[{"start":{"line":84,"column":53},"end":{"line":84,"column":54}},{"start":{"line":84,"column":57},"end":{"line":84,"column":58}}],"line":84},"2":{"loc":{"start":{"line":98,"column":12},"end":{"line":98,"column":32}},"type":"binary-expr","locations":[{"start":{"line":98,"column":12},"end":{"line":98,"column":20}},{"start":{"line":98,"column":24},"end":{"line":98,"column":32}}],"line":98},"3":{"loc":{"start":{"line":102,"column":7},"end":{"line":104,"column":7}},"type":"binary-expr","locations":[{"start":{"line":102,"column":7},"end":{"line":102,"column":18}},{"start":{"line":103,"column":8},"end":{"line":103,"column":67}}],"line":102},"4":{"loc":{"start":{"line":103,"column":24},"end":{"line":103,"column":44}},"type":"binary-expr","locations":[{"start":{"line":103,"column":24},"end":{"line":103,"column":32}},{"start":{"line":103,"column":36},"end":{"line":103,"column":44}}],"line":103},"5":{"loc":{"start":{"line":105,"column":7},"end":{"line":105,"column":79}},"type":"binary-expr","locations":[{"start":{"line":105,"column":7},"end":{"line":105,"column":21}},{"start":{"line":105,"column":25},"end":{"line":105,"column":79}}],"line":105},"6":{"loc":{"start":{"line":106,"column":7},"end":{"line":110,"column":7}},"type":"binary-expr","locations":[{"start":{"line":106,"column":7},"end":{"line":106,"column":22}},{"start":{"line":107,"column":8},"end":{"line":109,"column":15}}],"line":106}},"s":{"0":3,"1":3,"2":6,"3":6,"4":3,"5":6,"6":0,"7":3,"8":3},"f":{"0":6,"1":6,"2":6,"3":0},"b":{"0":[6,4],"1":[6,0],"2":[6,1],"3":[6,5],"4":[5,0],"5":[6,4],"6":[6,4]},"_coverageSchema":"43e27e138ebf9cfc5966b082cf9a028302ed4184","hash":"a9087f9233411715cdaff97356b0a82179f8a0ca"}
,"C:\\Users\\7alip\\code\\projects\\dathuis\\src\\components\\SearchForm.js": {"path":"C:\\Users\\7alip\\code\\projects\\dathuis\\src\\components\\SearchForm.js","statementMap":{"0":{"start":{"line":12,"column":16},"end":{"line":14,"column":1}},"1":{"start":{"line":16,"column":19},"end":{"line":76,"column":1}},"2":{"start":{"line":17,"column":26},"end":{"line":17,"column":40}},"3":{"start":{"line":18,"column":28},"end":{"line":18,"column":40}},"4":{"start":{"line":19,"column":32},"end":{"line":19,"column":47}},"5":{"start":{"line":20,"column":26},"end":{"line":20,"column":41}},"6":{"start":{"line":21,"column":42},"end":{"line":21,"column":58}},"7":{"start":{"line":23,"column":22},"end":{"line":23,"column":37}},"8":{"start":{"line":25,"column":2},"end":{"line":33,"column":14}},"9":{"start":{"line":26,"column":20},"end":{"line":26,"column":76}},"10":{"start":{"line":26,"column":31},"end":{"line":26,"column":75}},"11":{"start":{"line":28,"column":25},"end":{"line":30,"column":49}},"12":{"start":{"line":29,"column":24},"end":{"line":29,"column":71}},"13":{"start":{"line":30,"column":23},"end":{"line":30,"column":47}},"14":{"start":{"line":32,"column":4},"end":{"line":32,"column":26}},"15":{"start":{"line":35,"column":2},"end":{"line":45,"column":16}},"16":{"start":{"line":36,"column":4},"end":{"line":36,"column":22}},"17":{"start":{"line":36,"column":15},"end":{"line":36,"column":22}},"18":{"start":{"line":38,"column":4},"end":{"line":42,"column":5}},"19":{"start":{"line":39,"column":6},"end":{"line":39,"column":30}},"20":{"start":{"line":41,"column":6},"end":{"line":41,"column":28}},"21":{"start":{"line":44,"column":4},"end":{"line":44,"column":45}},"22":{"start":{"line":47,"column":2},"end":{"line":75,"column":4}},"23":{"start":{"line":51,"column":8},"end":{"line":51,"column":28}},"24":{"start":{"line":52,"column":8},"end":{"line":54,"column":16}},"25":{"start":{"line":53,"column":10},"end":{"line":53,"column":28}},"26":{"start":{"line":59,"column":23},"end":{"line":59,"column":39}},"27":{"start":{"line":60,"column":25},"end":{"line":60,"column":49}},"28":{"start":{"line":69,"column":30},"end":{"line":69,"column":44}},"29":{"start":{"line":78,"column":0},"end":{"line":78,"column":26}}},"fnMap":{"0":{"name":"(anonymous_0)","decl":{"start":{"line":16,"column":19},"end":{"line":16,"column":20}},"loc":{"start":{"line":16,"column":30},"end":{"line":76,"column":1}},"line":16},"1":{"name":"(anonymous_1)","decl":{"start":{"line":25,"column":12},"end":{"line":25,"column":13}},"loc":{"start":{"line":25,"column":18},"end":{"line":33,"column":3}},"line":25},"2":{"name":"(anonymous_2)","decl":{"start":{"line":26,"column":20},"end":{"line":26,"column":21}},"loc":{"start":{"line":26,"column":31},"end":{"line":26,"column":75}},"line":26},"3":{"name":"(anonymous_3)","decl":{"start":{"line":29,"column":14},"end":{"line":29,"column":15}},"loc":{"start":{"line":29,"column":24},"end":{"line":29,"column":71}},"line":29},"4":{"name":"(anonymous_4)","decl":{"start":{"line":30,"column":12},"end":{"line":30,"column":13}},"loc":{"start":{"line":30,"column":23},"end":{"line":30,"column":47}},"line":30},"5":{"name":"(anonymous_5)","decl":{"start":{"line":35,"column":12},"end":{"line":35,"column":13}},"loc":{"start":{"line":35,"column":18},"end":{"line":45,"column":3}},"line":35},"6":{"name":"(anonymous_6)","decl":{"start":{"line":50,"column":14},"end":{"line":50,"column":15}},"loc":{"start":{"line":50,"column":21},"end":{"line":55,"column":7}},"line":50},"7":{"name":"(anonymous_7)","decl":{"start":{"line":52,"column":19},"end":{"line":52,"column":20}},"loc":{"start":{"line":52,"column":25},"end":{"line":54,"column":9}},"line":52},"8":{"name":"(anonymous_8)","decl":{"start":{"line":59,"column":17},"end":{"line":59,"column":18}},"loc":{"start":{"line":59,"column":23},"end":{"line":59,"column":39}},"line":59},"9":{"name":"(anonymous_9)","decl":{"start":{"line":60,"column":18},"end":{"line":60,"column":19}},"loc":{"start":{"line":60,"column":25},"end":{"line":60,"column":49}},"line":60},"10":{"name":"(anonymous_10)","decl":{"start":{"line":69,"column":20},"end":{"line":69,"column":21}},"loc":{"start":{"line":69,"column":30},"end":{"line":69,"column":44}},"line":69}},"branchMap":{"0":{"loc":{"start":{"line":26,"column":31},"end":{"line":26,"column":75}},"type":"cond-expr","locations":[{"start":{"line":26,"column":51},"end":{"line":26,"column":68}},{"start":{"line":26,"column":71},"end":{"line":26,"column":75}}],"line":26},"1":{"loc":{"start":{"line":29,"column":24},"end":{"line":29,"column":71}},"type":"binary-expr","locations":[{"start":{"line":29,"column":24},"end":{"line":29,"column":33}},{"start":{"line":29,"column":37},"end":{"line":29,"column":71}}],"line":29},"2":{"loc":{"start":{"line":30,"column":23},"end":{"line":30,"column":47}},"type":"cond-expr","locations":[{"start":{"line":30,"column":41},"end":{"line":30,"column":42}},{"start":{"line":30,"column":45},"end":{"line":30,"column":47}}],"line":30},"3":{"loc":{"start":{"line":36,"column":4},"end":{"line":36,"column":22}},"type":"if","locations":[{"start":{"line":36,"column":4},"end":{"line":36,"column":22}},{"start":{"line":36,"column":4},"end":{"line":36,"column":22}}],"line":36},"4":{"loc":{"start":{"line":38,"column":4},"end":{"line":42,"column":5}},"type":"if","locations":[{"start":{"line":38,"column":4},"end":{"line":42,"column":5}},{"start":{"line":38,"column":4},"end":{"line":42,"column":5}}],"line":38},"5":{"loc":{"start":{"line":38,"column":8},"end":{"line":38,"column":64}},"type":"binary-expr","locations":[{"start":{"line":38,"column":8},"end":{"line":38,"column":46}},{"start":{"line":38,"column":50},"end":{"line":38,"column":64}}],"line":38},"6":{"loc":{"start":{"line":44,"column":4},"end":{"line":44,"column":44}},"type":"cond-expr","locations":[{"start":{"line":44,"column":14},"end":{"line":44,"column":27}},{"start":{"line":44,"column":30},"end":{"line":44,"column":44}}],"line":44},"7":{"loc":{"start":{"line":67,"column":7},"end":{"line":73,"column":7}},"type":"binary-expr","locations":[{"start":{"line":67,"column":7},"end":{"line":67,"column":11}},{"start":{"line":67,"column":15},"end":{"line":67,"column":19}},{"start":{"line":68,"column":8},"end":{"line":72,"column":10}}],"line":67}},"s":{"0":2,"1":2,"2":4,"3":4,"4":4,"5":4,"6":4,"7":4,"8":4,"9":2,"10":1970,"11":2,"12":2000,"13":16980,"14":2,"15":4,"16":2,"17":2,"18":0,"19":0,"20":0,"21":0,"22":4,"23":0,"24":0,"25":0,"26":0,"27":0,"28":0,"29":2},"f":{"0":4,"1":2,"2":1970,"3":2000,"4":16980,"5":2,"6":0,"7":0,"8":0,"9":0,"10":0},"b":{"0":[0,1970],"1":[2000,1970],"2":[8172,8808],"3":[2,0],"4":[0,0],"5":[0,0],"6":[0,0],"7":[4,0,0]},"_coverageSchema":"43e27e138ebf9cfc5966b082cf9a028302ed4184","hash":"87c769aee81cfd1dd7e70e16022270b53dd21509"}
,"C:\\Users\\7alip\\code\\projects\\dathuis\\src\\components\\Icons\\ChevronDown.js": {"path":"C:\\Users\\7alip\\code\\projects\\dathuis\\src\\components\\Icons\\ChevronDown.js","statementMap":{"0":{"start":{"line":4,"column":27},"end":{"line":21,"column":1}},"1":{"start":{"line":5,"column":2},"end":{"line":20,"column":4}},"2":{"start":{"line":23,"column":0},"end":{"line":25,"column":2}},"3":{"start":{"line":27,"column":0},"end":{"line":29,"column":2}}},"fnMap":{"0":{"name":"(anonymous_0)","decl":{"start":{"line":4,"column":27},"end":{"line":4,"column":28}},"loc":{"start":{"line":4,"column":38},"end":{"line":21,"column":1}},"line":4}},"branchMap":{},"s":{"0":2,"1":4,"2":2,"3":2},"f":{"0":4},"b":{},"_coverageSchema":"43e27e138ebf9cfc5966b082cf9a028302ed4184","hash":"4dfc1cecf4b3ab39212c97e86f02e757f75f898d"}
,"C:\\Users\\7alip\\code\\projects\\dathuis\\src\\components\\Icons\\Email.js": {"path":"C:\\Users\\7alip\\code\\projects\\dathuis\\src\\components\\Icons\\Email.js","statementMap":{"0":{"start":{"line":4,"column":21},"end":{"line":21,"column":1}},"1":{"start":{"line":5,"column":2},"end":{"line":20,"column":4}},"2":{"start":{"line":23,"column":0},"end":{"line":25,"column":2}},"3":{"start":{"line":27,"column":0},"end":{"line":29,"column":2}}},"fnMap":{"0":{"name":"(anonymous_0)","decl":{"start":{"line":4,"column":21},"end":{"line":4,"column":22}},"loc":{"start":{"line":4,"column":32},"end":{"line":21,"column":1}},"line":4}},"branchMap":{},"s":{"0":0,"1":0,"2":0,"3":0},"f":{"0":0},"b":{},"hash":"cd0a14e5fccc2c4ffab0b6b09a26e6f3a8cd5e31"}
,"C:\\Users\\7alip\\code\\projects\\dathuis\\src\\components\\Icons\\Search.js": {"path":"C:\\Users\\7alip\\code\\projects\\dathuis\\src\\components\\Icons\\Search.js","statementMap":{"0":{"start":{"line":4,"column":22},"end":{"line":22,"column":1}},"1":{"start":{"line":5,"column":2},"end":{"line":21,"column":4}},"2":{"start":{"line":24,"column":0},"end":{"line":26,"column":2}},"3":{"start":{"line":28,"column":0},"end":{"line":30,"column":2}}},"fnMap":{"0":{"name":"(anonymous_0)","decl":{"start":{"line":4,"column":22},"end":{"line":4,"column":23}},"loc":{"start":{"line":4,"column":33},"end":{"line":22,"column":1}},"line":4}},"branchMap":{},"s":{"0":2,"1":4,"2":2,"3":2},"f":{"0":4},"b":{},"_coverageSchema":"43e27e138ebf9cfc5966b082cf9a028302ed4184","hash":"fd7c77af6790e8ff35867ad3f41b06bb6610fb66"}
,"C:\\Users\\7alip\\code\\projects\\dathuis\\src\\components\\Icons\\index.js": {"path":"C:\\Users\\7alip\\code\\projects\\dathuis\\src\\components\\Icons\\index.js","statementMap":{},"fnMap":{},"branchMap":{},"s":{},"f":{},"b":{},"_coverageSchema":"43e27e138ebf9cfc5966b082cf9a028302ed4184","hash":"5ae5b38743368888571eeea4107bf539cbca9d62"}
,"C:\\Users\\7alip\\code\\projects\\dathuis\\src\\hooks\\useClientRect.js": {"path":"C:\\Users\\7alip\\code\\projects\\dathuis\\src\\hooks\\useClientRect.js","statementMap":{"0":{"start":{"line":3,"column":29},"end":{"line":11,"column":1}},"1":{"start":{"line":4,"column":26},"end":{"line":4,"column":40}},"2":{"start":{"line":5,"column":14},"end":{"line":9,"column":8}},"3":{"start":{"line":6,"column":4},"end":{"line":8,"column":5}},"4":{"start":{"line":7,"column":6},"end":{"line":7,"column":44}},"5":{"start":{"line":10,"column":2},"end":{"line":10,"column":21}}},"fnMap":{"0":{"name":"(anonymous_0)","decl":{"start":{"line":3,"column":29},"end":{"line":3,"column":30}},"loc":{"start":{"line":3,"column":35},"end":{"line":11,"column":1}},"line":3},"1":{"name":"(anonymous_1)","decl":{"start":{"line":5,"column":26},"end":{"line":5,"column":27}},"loc":{"start":{"line":5,"column":36},"end":{"line":9,"column":3}},"line":5}},"branchMap":{"0":{"loc":{"start":{"line":6,"column":4},"end":{"line":8,"column":5}},"type":"if","locations":[{"start":{"line":6,"column":4},"end":{"line":8,"column":5}},{"start":{"line":6,"column":4},"end":{"line":8,"column":5}}],"line":6}},"s":{"0":2,"1":4,"2":4,"3":2,"4":2,"5":4},"f":{"0":4,"1":2},"b":{"0":[2,0]},"_coverageSchema":"43e27e138ebf9cfc5966b082cf9a028302ed4184","hash":"ad5b4671f2f5bb062157dbcad9632eb71e7ef980"}
}
