TN:
SF:C:\Users\7alip\code\projects\dathuis\src\App.js
FN:9,(anonymous_0)
FNF:1
FNH:1
FNDA:1,(anonymous_0)
DA:9,1
DA:10,1
LF:2
LH:2
BRF:0
BRH:0
end_of_record
TN:
SF:C:\Users\7alip\code\projects\dathuis\src\HotApp.js
FNF:0
FNH:0
LF:0
LH:0
BRF:0
BRH:0
end_of_record
TN:
SF:C:\Users\7alip\code\projects\dathuis\src\entry.js
FNF:0
FNH:0
DA:7,0
LF:1
LH:0
BRF:0
BRH:0
end_of_record
TN:
SF:C:\Users\7alip\code\projects\dathuis\src\components\Container.js
FN:13,(anonymous_0)
FNF:1
FNH:1
FNDA:1,(anonymous_0)
DA:4,1
DA:13,1
DA:14,1
LF:3
LH:3
BRF:0
BRH:0
end_of_record
TN:
SF:C:\Users\7alip\code\projects\dathuis\src\components\Dropdown.js
FN:15,(anonymous_0)
FN:36,(anonymous_1)
FN:39,(anonymous_2)
FN:43,(anonymous_3)
FNF:4
FNH:4
FNDA:2,(anonymous_0)
FNDA:3,(anonymous_1)
FNDA:1,(anonymous_2)
FNDA:1,(anonymous_3)
DA:4,3
DA:16,2
DA:25,3
DA:36,3
DA:37,3
DA:40,1
DA:43,1
LF:7
LH:7
BRDA:16,0,0,1
BRDA:16,0,1,1
BRDA:37,1,0,3
BRDA:37,1,1,1
BRDA:38,2,0,1
BRDA:38,2,1,2
BRF:6
BRH:6
end_of_record
TN:
SF:C:\Users\7alip\code\projects\dathuis\src\components\InputBase.js
FN:15,(anonymous_0)
FN:84,(anonymous_1)
FN:93,(anonymous_2)
FN:107,(anonymous_3)
FNF:4
FNH:3
FNDA:6,(anonymous_0)
FNDA:6,(anonymous_1)
FNDA:6,(anonymous_2)
FNDA:0,(anonymous_3)
DA:6,3
DA:12,3
DA:15,6
DA:84,6
DA:93,3
DA:94,6
DA:107,0
DA:115,3
DA:119,3
LF:9
LH:8
BRDA:15,0,0,6
BRDA:15,0,1,4
BRDA:84,1,0,6
BRDA:84,1,1,0
BRDA:98,2,0,6
BRDA:98,2,1,1
BRDA:102,3,0,6
BRDA:102,3,1,5
BRDA:103,4,0,5
BRDA:103,4,1,0
BRDA:105,5,0,6
BRDA:105,5,1,4
BRDA:106,6,0,6
BRDA:106,6,1,4
BRF:14
BRH:12
end_of_record
TN:
SF:C:\Users\7alip\code\projects\dathuis\src\components\SearchForm.js
FN:16,(anonymous_0)
FN:25,(anonymous_1)
FN:26,(anonymous_2)
FN:29,(anonymous_3)
FN:30,(anonymous_4)
FN:35,(anonymous_5)
FN:50,(anonymous_6)
FN:52,(anonymous_7)
FN:59,(anonymous_8)
FN:60,(anonymous_9)
FN:69,(anonymous_10)
FNF:11
FNH:6
FNDA:4,(anonymous_0)
FNDA:2,(anonymous_1)
FNDA:1970,(anonymous_2)
FNDA:2000,(anonymous_3)
FNDA:16980,(anonymous_4)
FNDA:2,(anonymous_5)
FNDA:0,(anonymous_6)
FNDA:0,(anonymous_7)
FNDA:0,(anonymous_8)
FNDA:0,(anonymous_9)
FNDA:0,(anonymous_10)
DA:12,2
DA:16,2
DA:17,4
DA:18,4
DA:19,4
DA:20,4
DA:21,4
DA:23,4
DA:25,4
DA:26,1970
DA:28,2
DA:29,2000
DA:30,16980
DA:32,2
DA:35,4
DA:36,2
DA:38,0
DA:39,0
DA:41,0
DA:44,0
DA:47,4
DA:51,0
DA:52,0
DA:53,0
DA:59,0
DA:60,0
DA:69,0
DA:78,2
LF:28
LH:18
BRDA:26,0,0,0
BRDA:26,0,1,1970
BRDA:29,1,0,2000
BRDA:29,1,1,1970
BRDA:30,2,0,8172
BRDA:30,2,1,8808
BRDA:36,3,0,2
BRDA:36,3,1,0
BRDA:38,4,0,0
BRDA:38,4,1,0
BRDA:38,5,0,0
BRDA:38,5,1,0
BRDA:44,6,0,0
BRDA:44,6,1,0
BRDA:67,7,0,4
BRDA:67,7,1,0
BRDA:67,7,2,0
BRF:17
BRH:7
end_of_record
TN:
SF:C:\Users\7alip\code\projects\dathuis\src\components\Icons\ChevronDown.js
FN:4,(anonymous_0)
FNF:1
FNH:1
FNDA:4,(anonymous_0)
DA:4,2
DA:5,4
DA:23,2
DA:27,2
LF:4
LH:4
BRF:0
BRH:0
end_of_record
TN:
SF:C:\Users\7alip\code\projects\dathuis\src\components\Icons\Email.js
FN:4,(anonymous_0)
FNF:1
FNH:0
FNDA:0,(anonymous_0)
DA:4,0
DA:5,0
DA:23,0
DA:27,0
LF:4
LH:0
BRF:0
BRH:0
end_of_record
TN:
SF:C:\Users\7alip\code\projects\dathuis\src\components\Icons\Search.js
FN:4,(anonymous_0)
FNF:1
FNH:1
FNDA:4,(anonymous_0)
DA:4,2
DA:5,4
DA:24,2
DA:28,2
LF:4
LH:4
BRF:0
BRH:0
end_of_record
TN:
SF:C:\Users\7alip\code\projects\dathuis\src\components\Icons\index.js
FNF:0
FNH:0
LF:0
LH:0
BRF:0
BRH:0
end_of_record
TN:
SF:C:\Users\7alip\code\projects\dathuis\src\hooks\useClientRect.js
FN:3,(anonymous_0)
FN:5,(anonymous_1)
FNF:2
FNH:2
FNDA:4,(anonymous_0)
FNDA:2,(anonymous_1)
DA:3,2
DA:4,4
DA:5,4
DA:6,2
DA:7,2
DA:10,4
LF:6
LH:6
BRDA:6,0,0,2
BRDA:6,0,1,0
BRF:2
BRH:1
end_of_record
